[07-Feb-2018 22:53:30 UTC] PHP Parse error:  syntax error, unexpected ';' in /home/ubuntu/workspace/bpeppmuller/inClass/randomBack.php on line 11
[07-Feb-2018 22:53:32 UTC] PHP Parse error:  syntax error, unexpected ';' in /home/ubuntu/workspace/bpeppmuller/inClass/randomBack.php on line 11
[12-Feb-2018 22:33:33 UTC] PHP Fatal error:  Call to undefined function prtint_r() in /home/ubuntu/workspace/bpeppmuller/inClass/php_arrays.php on line 4
[12-Feb-2018 22:33:33 UTC] PHP Stack trace:
[12-Feb-2018 22:33:33 UTC] PHP   1. {main}() /home/ubuntu/workspace/bpeppmuller/inClass/php_arrays.php:0
[12-Feb-2018 22:33:34 UTC] PHP Fatal error:  Call to undefined function prtint_r() in /home/ubuntu/workspace/bpeppmuller/inClass/php_arrays.php on line 4
[12-Feb-2018 22:33:34 UTC] PHP Stack trace:
[12-Feb-2018 22:33:34 UTC] PHP   1. {main}() /home/ubuntu/workspace/bpeppmuller/inClass/php_arrays.php:0
[12-Feb-2018 22:33:34 UTC] PHP Fatal error:  Call to undefined function prtint_r() in /home/ubuntu/workspace/bpeppmuller/inClass/php_arrays.php on line 4
[12-Feb-2018 22:33:34 UTC] PHP Stack trace:
[12-Feb-2018 22:33:34 UTC] PHP   1. {main}() /home/ubuntu/workspace/bpeppmuller/inClass/php_arrays.php:0
[12-Feb-2018 22:36:02 UTC] PHP Fatal error:  Call to undefined function prtint_r() in /home/ubuntu/workspace/bpeppmuller/inClass/php_arrays.php on line 4
[12-Feb-2018 22:36:02 UTC] PHP Stack trace:
[12-Feb-2018 22:36:02 UTC] PHP   1. {main}() /home/ubuntu/workspace/bpeppmuller/inClass/php_arrays.php:0
[12-Feb-2018 22:36:54 UTC] PHP Fatal error:  Call to undefined function prtint_r() in /home/ubuntu/workspace/bpeppmuller/inClass/php_arrays.php on line 4
[12-Feb-2018 22:36:54 UTC] PHP Stack trace:
[12-Feb-2018 22:36:54 UTC] PHP   1. {main}() /home/ubuntu/workspace/bpeppmuller/inClass/php_arrays.php:0
[12-Feb-2018 22:36:54 UTC] PHP Fatal error:  Call to undefined function prtint_r() in /home/ubuntu/workspace/bpeppmuller/inClass/php_arrays.php on line 4
[12-Feb-2018 22:36:54 UTC] PHP Stack trace:
[12-Feb-2018 22:36:54 UTC] PHP   1. {main}() /home/ubuntu/workspace/bpeppmuller/inClass/php_arrays.php:0
[12-Feb-2018 22:36:55 UTC] PHP Fatal error:  Call to undefined function prtint_r() in /home/ubuntu/workspace/bpeppmuller/inClass/php_arrays.php on line 4
[12-Feb-2018 22:36:55 UTC] PHP Stack trace:
[12-Feb-2018 22:36:55 UTC] PHP   1. {main}() /home/ubuntu/workspace/bpeppmuller/inClass/php_arrays.php:0
[12-Feb-2018 22:36:55 UTC] PHP Fatal error:  Call to undefined function prtint_r() in /home/ubuntu/workspace/bpeppmuller/inClass/php_arrays.php on line 4
[12-Feb-2018 22:36:55 UTC] PHP Stack trace:
[12-Feb-2018 22:36:55 UTC] PHP   1. {main}() /home/ubuntu/workspace/bpeppmuller/inClass/php_arrays.php:0
[12-Feb-2018 22:36:55 UTC] PHP Fatal error:  Call to undefined function prtint_r() in /home/ubuntu/workspace/bpeppmuller/inClass/php_arrays.php on line 4
[12-Feb-2018 22:36:55 UTC] PHP Stack trace:
[12-Feb-2018 22:36:55 UTC] PHP   1. {main}() /home/ubuntu/workspace/bpeppmuller/inClass/php_arrays.php:0
[12-Feb-2018 22:36:56 UTC] PHP Fatal error:  Call to undefined function prtint_r() in /home/ubuntu/workspace/bpeppmuller/inClass/php_arrays.php on line 4
[12-Feb-2018 22:36:56 UTC] PHP Stack trace:
[12-Feb-2018 22:36:56 UTC] PHP   1. {main}() /home/ubuntu/workspace/bpeppmuller/inClass/php_arrays.php:0
[12-Feb-2018 22:39:51 UTC] PHP Parse error:  syntax error, unexpected '<' in /home/ubuntu/workspace/bpeppmuller/inClass/php_arrays.php on line 6
[12-Feb-2018 22:39:52 UTC] PHP Parse error:  syntax error, unexpected '<' in /home/ubuntu/workspace/bpeppmuller/inClass/php_arrays.php on line 6
[12-Feb-2018 22:39:53 UTC] PHP Parse error:  syntax error, unexpected '<' in /home/ubuntu/workspace/bpeppmuller/inClass/php_arrays.php on line 6
[12-Feb-2018 22:40:30 UTC] PHP Parse error:  syntax error, unexpected '<' in /home/ubuntu/workspace/bpeppmuller/inClass/php_arrays.php on line 6
[12-Feb-2018 22:40:31 UTC] PHP Parse error:  syntax error, unexpected '<' in /home/ubuntu/workspace/bpeppmuller/inClass/php_arrays.php on line 6
[12-Feb-2018 22:40:31 UTC] PHP Parse error:  syntax error, unexpected '<' in /home/ubuntu/workspace/bpeppmuller/inClass/php_arrays.php on line 6
[12-Feb-2018 22:40:31 UTC] PHP Parse error:  syntax error, unexpected '<' in /home/ubuntu/workspace/bpeppmuller/inClass/php_arrays.php on line 6
[12-Feb-2018 22:40:31 UTC] PHP Parse error:  syntax error, unexpected '<' in /home/ubuntu/workspace/bpeppmuller/inClass/php_arrays.php on line 6
[12-Feb-2018 22:40:32 UTC] PHP Parse error:  syntax error, unexpected '<' in /home/ubuntu/workspace/bpeppmuller/inClass/php_arrays.php on line 6
[12-Feb-2018 22:40:32 UTC] PHP Parse error:  syntax error, unexpected '<' in /home/ubuntu/workspace/bpeppmuller/inClass/php_arrays.php on line 6
[12-Feb-2018 22:40:32 UTC] PHP Parse error:  syntax error, unexpected '<' in /home/ubuntu/workspace/bpeppmuller/inClass/php_arrays.php on line 6
[12-Feb-2018 22:40:32 UTC] PHP Parse error:  syntax error, unexpected '<' in /home/ubuntu/workspace/bpeppmuller/inClass/php_arrays.php on line 6
[12-Feb-2018 22:40:33 UTC] PHP Parse error:  syntax error, unexpected '<' in /home/ubuntu/workspace/bpeppmuller/inClass/php_arrays.php on line 6
[12-Feb-2018 22:40:33 UTC] PHP Parse error:  syntax error, unexpected '<' in /home/ubuntu/workspace/bpeppmuller/inClass/php_arrays.php on line 6
[12-Feb-2018 22:40:33 UTC] PHP Parse error:  syntax error, unexpected '<' in /home/ubuntu/workspace/bpeppmuller/inClass/php_arrays.php on line 6
[12-Feb-2018 22:40:33 UTC] PHP Parse error:  syntax error, unexpected '<' in /home/ubuntu/workspace/bpeppmuller/inClass/php_arrays.php on line 6
[12-Feb-2018 22:40:33 UTC] PHP Parse error:  syntax error, unexpected '<' in /home/ubuntu/workspace/bpeppmuller/inClass/php_arrays.php on line 6
[12-Feb-2018 22:40:34 UTC] PHP Parse error:  syntax error, unexpected '<' in /home/ubuntu/workspace/bpeppmuller/inClass/php_arrays.php on line 6
[12-Feb-2018 22:41:33 UTC] PHP Parse error:  syntax error, unexpected '<' in /home/ubuntu/workspace/bpeppmuller/inClass/php_arrays.php on line 6
[12-Feb-2018 22:41:34 UTC] PHP Parse error:  syntax error, unexpected '<' in /home/ubuntu/workspace/bpeppmuller/inClass/php_arrays.php on line 6
[12-Feb-2018 22:41:34 UTC] PHP Parse error:  syntax error, unexpected '<' in /home/ubuntu/workspace/bpeppmuller/inClass/php_arrays.php on line 6
[12-Feb-2018 22:41:34 UTC] PHP Parse error:  syntax error, unexpected '<' in /home/ubuntu/workspace/bpeppmuller/inClass/php_arrays.php on line 6
[12-Feb-2018 22:41:35 UTC] PHP Parse error:  syntax error, unexpected '<' in /home/ubuntu/workspace/bpeppmuller/inClass/php_arrays.php on line 6
[28-Feb-2018 22:41:09 UTC] PHP Warning:  require_once(libraries/common.inc.php): failed to open stream: No such file or directory in /home/ubuntu/workspace/bpeppmuller/phpMyAdmin/index.php on line 20
[28-Feb-2018 22:41:09 UTC] PHP Stack trace:
[28-Feb-2018 22:41:09 UTC] PHP   1. {main}() /home/ubuntu/workspace/bpeppmuller/phpMyAdmin/index.php:0
[28-Feb-2018 22:41:09 UTC] PHP Fatal error:  require_once(): Failed opening required 'libraries/common.inc.php' (include_path='.:/usr/share/php:/usr/share/pear') in /home/ubuntu/workspace/bpeppmuller/phpMyAdmin/index.php on line 20
[28-Feb-2018 22:41:09 UTC] PHP Stack trace:
[28-Feb-2018 22:41:09 UTC] PHP   1. {main}() /home/ubuntu/workspace/bpeppmuller/phpMyAdmin/index.php:0
[28-Feb-2018 22:41:29 UTC] PHP Warning:  require_once(libraries/common.inc.php): failed to open stream: No such file or directory in /home/ubuntu/workspace/bpeppmuller/phpMyAdmin/index.php on line 20
[28-Feb-2018 22:41:29 UTC] PHP Stack trace:
[28-Feb-2018 22:41:29 UTC] PHP   1. {main}() /home/ubuntu/workspace/bpeppmuller/phpMyAdmin/index.php:0
[28-Feb-2018 22:41:29 UTC] PHP Fatal error:  require_once(): Failed opening required 'libraries/common.inc.php' (include_path='.:/usr/share/php:/usr/share/pear') in /home/ubuntu/workspace/bpeppmuller/phpMyAdmin/index.php on line 20
[28-Feb-2018 22:41:29 UTC] PHP Stack trace:
[28-Feb-2018 22:41:29 UTC] PHP   1. {main}() /home/ubuntu/workspace/bpeppmuller/phpMyAdmin/index.php:0
[11-Apr-2018 07:51:05 UTC] PHP Warning:  include(../../dbConnection.php): failed to open stream: No such file or directory in /home/ubuntu/workspace/bpeppmuller/project/index.php on line 3
[11-Apr-2018 07:51:05 UTC] PHP Stack trace:
[11-Apr-2018 07:51:05 UTC] PHP   1. {main}() /home/ubuntu/workspace/bpeppmuller/project/index.php:0
[11-Apr-2018 07:51:05 UTC] PHP Warning:  include(): Failed opening '../../dbConnection.php' for inclusion (include_path='.:/usr/share/php:/usr/share/pear') in /home/ubuntu/workspace/bpeppmuller/project/index.php on line 3
[11-Apr-2018 07:51:05 UTC] PHP Stack trace:
[11-Apr-2018 07:51:05 UTC] PHP   1. {main}() /home/ubuntu/workspace/bpeppmuller/project/index.php:0
[11-Apr-2018 07:51:05 UTC] PHP Fatal error:  Call to undefined function getDatabaseConnection() in /home/ubuntu/workspace/bpeppmuller/project/index.php on line 4
[11-Apr-2018 07:51:05 UTC] PHP Stack trace:
[11-Apr-2018 07:51:05 UTC] PHP   1. {main}() /home/ubuntu/workspace/bpeppmuller/project/index.php:0
[11-Apr-2018 07:51:31 UTC] PHP Fatal error:  Call to undefined function getDatabaseConnection() in /home/ubuntu/workspace/bpeppmuller/project/index.php on line 4
[11-Apr-2018 07:51:31 UTC] PHP Stack trace:
[11-Apr-2018 07:51:31 UTC] PHP   1. {main}() /home/ubuntu/workspace/bpeppmuller/project/index.php:0
[07-May-2018 22:20:45 UTC] PHP Fatal error:  Uncaught exception 'PDOException' with message 'SQLSTATE[42S22]: Column not found: 1054 Unknown column 'productGender' in 'where clause'' in /home/ubuntu/workspace/bpeppmuller/final_project/index.php:559
Stack trace:
#0 /home/ubuntu/workspace/bpeppmuller/final_project/index.php(559): PDO->query('SELECT * FROM `...')
#1 /home/ubuntu/workspace/bpeppmuller/final_project/index.php(759): display()
#2 {main}
  thrown in /home/ubuntu/workspace/bpeppmuller/final_project/index.php on line 559
[07-May-2018 22:32:54 UTC] PHP Fatal error:  Uncaught exception 'PDOException' with message 'SQLSTATE[42S02]: Base table or view not found: 1146 Table 'GuitarsGalor.gg_product' doesn't exist' in /home/ubuntu/workspace/bpeppmuller/final_project/admin.php:18
Stack trace:
#0 /home/ubuntu/workspace/bpeppmuller/final_project/admin.php(18): PDOStatement->execute()
#1 /home/ubuntu/workspace/bpeppmuller/final_project/admin.php(82): displayAllProducts()
#2 {main}
  thrown in /home/ubuntu/workspace/bpeppmuller/final_project/admin.php on line 18
[07-May-2018 22:33:05 UTC] PHP Fatal error:  Uncaught exception 'PDOException' with message 'SQLSTATE[42S02]: Base table or view not found: 1146 Table 'GuitarsGalor.gg_product' doesn't exist' in /home/ubuntu/workspace/bpeppmuller/final_project/admin.php:18
Stack trace:
#0 /home/ubuntu/workspace/bpeppmuller/final_project/admin.php(18): PDOStatement->execute()
#1 /home/ubuntu/workspace/bpeppmuller/final_project/admin.php(82): displayAllProducts()
#2 {main}
  thrown in /home/ubuntu/workspace/bpeppmuller/final_project/admin.php on line 18
[07-May-2018 22:33:15 UTC] PHP Fatal error:  Uncaught exception 'PDOException' with message 'SQLSTATE[42S02]: Base table or view not found: 1146 Table 'GuitarsGalor.gg_product' doesn't exist' in /home/ubuntu/workspace/bpeppmuller/final_project/admin.php:18
Stack trace:
#0 /home/ubuntu/workspace/bpeppmuller/final_project/admin.php(18): PDOStatement->execute()
#1 /home/ubuntu/workspace/bpeppmuller/final_project/admin.php(82): displayAllProducts()
#2 {main}
  thrown in /home/ubuntu/workspace/bpeppmuller/final_project/admin.php on line 18
[08-May-2018 01:09:41 UTC] PHP Fatal error:  Uncaught exception 'PDOException' with message 'SQLSTATE[42S22]: Column not found: 1054 Unknown column 'productGender' in 'where clause'' in /home/ubuntu/workspace/bpeppmuller/final_project/index.php:147
Stack trace:
#0 /home/ubuntu/workspace/bpeppmuller/final_project/index.php(147): PDO->query('SELECT * FROM `...')
#1 /home/ubuntu/workspace/bpeppmuller/final_project/index.php(648): display()
#2 {main}
  thrown in /home/ubuntu/workspace/bpeppmuller/final_project/index.php on line 147
[08-May-2018 01:09:51 UTC] PHP Fatal error:  Uncaught exception 'PDOException' with message 'SQLSTATE[42S22]: Column not found: 1054 Unknown column 'productGender' in 'where clause'' in /home/ubuntu/workspace/bpeppmuller/final_project/index.php:147
Stack trace:
#0 /home/ubuntu/workspace/bpeppmuller/final_project/index.php(147): PDO->query('SELECT * FROM `...')
#1 /home/ubuntu/workspace/bpeppmuller/final_project/index.php(648): display()
#2 {main}
  thrown in /home/ubuntu/workspace/bpeppmuller/final_project/index.php on line 147
[08-May-2018 01:21:01 UTC] PHP Fatal error:  Uncaught exception 'PDOException' with message 'SQLSTATE[42S22]: Column not found: 1054 Unknown column 'productGender' in 'where clause'' in /home/ubuntu/workspace/bpeppmuller/final_project/index.php:94
Stack trace:
#0 /home/ubuntu/workspace/bpeppmuller/final_project/index.php(94): PDO->query('SELECT * FROM `...')
#1 /home/ubuntu/workspace/bpeppmuller/final_project/index.php(643): display()
#2 {main}
  thrown in /home/ubuntu/workspace/bpeppmuller/final_project/index.php on line 94
