[20-Feb-2018 23:20:25 UTC] PHP Parse error:  syntax error, unexpected 'displayTitle' (T_STRING) in /home/ubuntu/workspace/bpeppmuller/hw/hw2/inc/functions.php on line 55
[20-Feb-2018 23:20:25 UTC] PHP Stack trace:
[20-Feb-2018 23:20:25 UTC] PHP   1. {main}() /home/ubuntu/workspace/bpeppmuller/hw/hw2/index.php:0
[20-Feb-2018 23:20:27 UTC] PHP Parse error:  syntax error, unexpected 'displayTitle' (T_STRING) in /home/ubuntu/workspace/bpeppmuller/hw/hw2/inc/functions.php on line 55
[20-Feb-2018 23:20:27 UTC] PHP Stack trace:
[20-Feb-2018 23:20:27 UTC] PHP   1. {main}() /home/ubuntu/workspace/bpeppmuller/hw/hw2/index.php:0
[21-Feb-2018 06:37:46 UTC] PHP Parse error:  syntax error, unexpected 'case' (T_CASE) in /home/ubuntu/workspace/bpeppmuller/hw/hw2/inc/functions.php on line 13
[21-Feb-2018 06:37:46 UTC] PHP Stack trace:
[21-Feb-2018 06:37:46 UTC] PHP   1. {main}() /home/ubuntu/workspace/bpeppmuller/hw/hw2/index.php:0
[21-Feb-2018 06:37:48 UTC] PHP Parse error:  syntax error, unexpected 'case' (T_CASE) in /home/ubuntu/workspace/bpeppmuller/hw/hw2/inc/functions.php on line 13
[21-Feb-2018 06:37:48 UTC] PHP Stack trace:
[21-Feb-2018 06:37:48 UTC] PHP   1. {main}() /home/ubuntu/workspace/bpeppmuller/hw/hw2/index.php:0
[21-Feb-2018 07:17:50 UTC] PHP Parse error:  syntax error, unexpected 'for' (T_FOR) in /home/ubuntu/workspace/bpeppmuller/hw/hw2/inc/functions.php on line 31
[21-Feb-2018 07:17:50 UTC] PHP Stack trace:
[21-Feb-2018 07:17:50 UTC] PHP   1. {main}() /home/ubuntu/workspace/bpeppmuller/hw/hw2/index.php:0
[21-Feb-2018 07:41:38 UTC] PHP Warning:  Missing argument 3 for displayArtist(), called in /home/ubuntu/workspace/bpeppmuller/hw/hw2/inc/functions.php on line 47 and defined in /home/ubuntu/workspace/bpeppmuller/hw/hw2/inc/functions.php on line 2
[21-Feb-2018 07:41:38 UTC] PHP Stack trace:
[21-Feb-2018 07:41:38 UTC] PHP   1. {main}() /home/ubuntu/workspace/bpeppmuller/hw/hw2/index.php:0
[21-Feb-2018 07:41:38 UTC] PHP   2. run() /home/ubuntu/workspace/bpeppmuller/hw/hw2/index.php:15
[21-Feb-2018 07:41:38 UTC] PHP   3. displayArtist() /home/ubuntu/workspace/bpeppmuller/hw/hw2/inc/functions.php:47
[21-Feb-2018 07:41:38 UTC] PHP Warning:  Missing argument 3 for displayArtist(), called in /home/ubuntu/workspace/bpeppmuller/hw/hw2/inc/functions.php on line 47 and defined in /home/ubuntu/workspace/bpeppmuller/hw/hw2/inc/functions.php on line 2
[21-Feb-2018 07:41:38 UTC] PHP Stack trace:
[21-Feb-2018 07:41:38 UTC] PHP   1. {main}() /home/ubuntu/workspace/bpeppmuller/hw/hw2/index.php:0
[21-Feb-2018 07:41:38 UTC] PHP   2. run() /home/ubuntu/workspace/bpeppmuller/hw/hw2/index.php:15
[21-Feb-2018 07:41:38 UTC] PHP   3. displayArtist() /home/ubuntu/workspace/bpeppmuller/hw/hw2/inc/functions.php:47
[21-Feb-2018 07:47:23 UTC] PHP Parse error:  syntax error, unexpected '}', expecting ',' or ';' in /home/ubuntu/workspace/bpeppmuller/hw/hw2/inc/functions.php on line 37
[21-Feb-2018 07:47:23 UTC] PHP Stack trace:
[21-Feb-2018 07:47:23 UTC] PHP   1. {main}() /home/ubuntu/workspace/bpeppmuller/hw/hw2/index.php:0
[21-Feb-2018 07:47:25 UTC] PHP Parse error:  syntax error, unexpected '}', expecting ',' or ';' in /home/ubuntu/workspace/bpeppmuller/hw/hw2/inc/functions.php on line 37
[21-Feb-2018 07:47:25 UTC] PHP Stack trace:
[21-Feb-2018 07:47:25 UTC] PHP   1. {main}() /home/ubuntu/workspace/bpeppmuller/hw/hw2/index.php:0
[21-Feb-2018 07:47:26 UTC] PHP Parse error:  syntax error, unexpected '}', expecting ',' or ';' in /home/ubuntu/workspace/bpeppmuller/hw/hw2/inc/functions.php on line 37
[21-Feb-2018 07:47:26 UTC] PHP Stack trace:
[21-Feb-2018 07:47:26 UTC] PHP   1. {main}() /home/ubuntu/workspace/bpeppmuller/hw/hw2/index.php:0
[21-Feb-2018 09:16:15 UTC] PHP Parse error:  syntax error, unexpected 'break' (T_BREAK) in /home/ubuntu/workspace/bpeppmuller/hw/hw2/inc/functions.php on line 9
[21-Feb-2018 09:16:15 UTC] PHP Stack trace:
[21-Feb-2018 09:16:15 UTC] PHP   1. {main}() /home/ubuntu/workspace/bpeppmuller/hw/hw2/index.php:0
[21-Feb-2018 09:16:17 UTC] PHP Parse error:  syntax error, unexpected 'break' (T_BREAK) in /home/ubuntu/workspace/bpeppmuller/hw/hw2/inc/functions.php on line 9
[21-Feb-2018 09:16:17 UTC] PHP Stack trace:
[21-Feb-2018 09:16:17 UTC] PHP   1. {main}() /home/ubuntu/workspace/bpeppmuller/hw/hw2/index.php:0
