[18-Feb-2018 02:31:24 UTC] PHP Warning:  include(inc/functions.php): failed to open stream: No such file or directory in /home/ubuntu/workspace/bpeppmuller/labs/lab_2/index.php on line 2
[18-Feb-2018 02:31:24 UTC] PHP Stack trace:
[18-Feb-2018 02:31:24 UTC] PHP   1. {main}() /home/ubuntu/workspace/bpeppmuller/labs/lab_2/index.php:0
[18-Feb-2018 02:31:24 UTC] PHP Warning:  include(): Failed opening 'inc/functions.php' for inclusion (include_path='.:/usr/share/php:/usr/share/pear') in /home/ubuntu/workspace/bpeppmuller/labs/lab_2/index.php on line 2
[18-Feb-2018 02:31:24 UTC] PHP Stack trace:
[18-Feb-2018 02:31:24 UTC] PHP   1. {main}() /home/ubuntu/workspace/bpeppmuller/labs/lab_2/index.php:0
[18-Feb-2018 02:31:24 UTC] PHP Fatal error:  Call to undefined function displaySymbol() in /home/ubuntu/workspace/bpeppmuller/labs/lab_2/index.php on line 14
[18-Feb-2018 02:31:24 UTC] PHP Stack trace:
[18-Feb-2018 02:31:24 UTC] PHP   1. {main}() /home/ubuntu/workspace/bpeppmuller/labs/lab_2/index.php:0
[18-Feb-2018 02:31:26 UTC] PHP Warning:  include(inc/functions.php): failed to open stream: No such file or directory in /home/ubuntu/workspace/bpeppmuller/labs/lab_2/index.php on line 2
[18-Feb-2018 02:31:26 UTC] PHP Stack trace:
[18-Feb-2018 02:31:26 UTC] PHP   1. {main}() /home/ubuntu/workspace/bpeppmuller/labs/lab_2/index.php:0
[18-Feb-2018 02:31:26 UTC] PHP Warning:  include(): Failed opening 'inc/functions.php' for inclusion (include_path='.:/usr/share/php:/usr/share/pear') in /home/ubuntu/workspace/bpeppmuller/labs/lab_2/index.php on line 2
[18-Feb-2018 02:31:26 UTC] PHP Stack trace:
[18-Feb-2018 02:31:26 UTC] PHP   1. {main}() /home/ubuntu/workspace/bpeppmuller/labs/lab_2/index.php:0
[18-Feb-2018 02:31:26 UTC] PHP Fatal error:  Call to undefined function displaySymbol() in /home/ubuntu/workspace/bpeppmuller/labs/lab_2/index.php on line 14
[18-Feb-2018 02:31:26 UTC] PHP Stack trace:
[18-Feb-2018 02:31:26 UTC] PHP   1. {main}() /home/ubuntu/workspace/bpeppmuller/labs/lab_2/index.php:0
[18-Feb-2018 02:43:36 UTC] PHP Warning:  include(inc/functions.php): failed to open stream: No such file or directory in /home/ubuntu/workspace/bpeppmuller/labs/lab_2/index.php on line 2
[18-Feb-2018 02:43:36 UTC] PHP Stack trace:
[18-Feb-2018 02:43:36 UTC] PHP   1. {main}() /home/ubuntu/workspace/bpeppmuller/labs/lab_2/index.php:0
[18-Feb-2018 02:43:36 UTC] PHP Warning:  include(): Failed opening 'inc/functions.php' for inclusion (include_path='.:/usr/share/php:/usr/share/pear') in /home/ubuntu/workspace/bpeppmuller/labs/lab_2/index.php on line 2
[18-Feb-2018 02:43:36 UTC] PHP Stack trace:
[18-Feb-2018 02:43:36 UTC] PHP   1. {main}() /home/ubuntu/workspace/bpeppmuller/labs/lab_2/index.php:0
[18-Feb-2018 02:43:36 UTC] PHP Fatal error:  Call to undefined function play() in /home/ubuntu/workspace/bpeppmuller/labs/lab_2/index.php on line 12
[18-Feb-2018 02:43:36 UTC] PHP Stack trace:
[18-Feb-2018 02:43:36 UTC] PHP   1. {main}() /home/ubuntu/workspace/bpeppmuller/labs/lab_2/index.php:0
[18-Feb-2018 04:11:41 UTC] PHP Warning:  rand() expects exactly 2 parameters, 1 given in /home/ubuntu/workspace/bpeppmuller/labs/lab_2/inc/functions.php on line 35
[18-Feb-2018 04:11:41 UTC] PHP Stack trace:
[18-Feb-2018 04:11:41 UTC] PHP   1. {main}() /home/ubuntu/workspace/bpeppmuller/labs/lab_2/index.php:0
[18-Feb-2018 04:11:41 UTC] PHP   2. play() /home/ubuntu/workspace/bpeppmuller/labs/lab_2/index.php:16
[18-Feb-2018 04:11:41 UTC] PHP   3. rand() /home/ubuntu/workspace/bpeppmuller/labs/lab_2/inc/functions.php:35
[18-Feb-2018 04:11:41 UTC] PHP Warning:  rand() expects exactly 2 parameters, 1 given in /home/ubuntu/workspace/bpeppmuller/labs/lab_2/inc/functions.php on line 35
[18-Feb-2018 04:11:41 UTC] PHP Stack trace:
[18-Feb-2018 04:11:41 UTC] PHP   1. {main}() /home/ubuntu/workspace/bpeppmuller/labs/lab_2/index.php:0
[18-Feb-2018 04:11:41 UTC] PHP   2. play() /home/ubuntu/workspace/bpeppmuller/labs/lab_2/index.php:16
[18-Feb-2018 04:11:41 UTC] PHP   3. rand() /home/ubuntu/workspace/bpeppmuller/labs/lab_2/inc/functions.php:35
[18-Feb-2018 04:11:41 UTC] PHP Warning:  rand() expects exactly 2 parameters, 1 given in /home/ubuntu/workspace/bpeppmuller/labs/lab_2/inc/functions.php on line 35
[18-Feb-2018 04:11:41 UTC] PHP Stack trace:
[18-Feb-2018 04:11:41 UTC] PHP   1. {main}() /home/ubuntu/workspace/bpeppmuller/labs/lab_2/index.php:0
[18-Feb-2018 04:11:41 UTC] PHP   2. play() /home/ubuntu/workspace/bpeppmuller/labs/lab_2/index.php:16
[18-Feb-2018 04:11:41 UTC] PHP   3. rand() /home/ubuntu/workspace/bpeppmuller/labs/lab_2/inc/functions.php:35
[18-Feb-2018 04:11:50 UTC] PHP Warning:  rand() expects exactly 2 parameters, 1 given in /home/ubuntu/workspace/bpeppmuller/labs/lab_2/inc/functions.php on line 35
[18-Feb-2018 04:11:50 UTC] PHP Stack trace:
[18-Feb-2018 04:11:50 UTC] PHP   1. {main}() /home/ubuntu/workspace/bpeppmuller/labs/lab_2/index.php:0
[18-Feb-2018 04:11:50 UTC] PHP   2. play() /home/ubuntu/workspace/bpeppmuller/labs/lab_2/index.php:16
[18-Feb-2018 04:11:50 UTC] PHP   3. rand() /home/ubuntu/workspace/bpeppmuller/labs/lab_2/inc/functions.php:35
[18-Feb-2018 04:11:50 UTC] PHP Warning:  rand() expects exactly 2 parameters, 1 given in /home/ubuntu/workspace/bpeppmuller/labs/lab_2/inc/functions.php on line 35
[18-Feb-2018 04:11:50 UTC] PHP Stack trace:
[18-Feb-2018 04:11:50 UTC] PHP   1. {main}() /home/ubuntu/workspace/bpeppmuller/labs/lab_2/index.php:0
[18-Feb-2018 04:11:50 UTC] PHP   2. play() /home/ubuntu/workspace/bpeppmuller/labs/lab_2/index.php:16
[18-Feb-2018 04:11:50 UTC] PHP   3. rand() /home/ubuntu/workspace/bpeppmuller/labs/lab_2/inc/functions.php:35
[18-Feb-2018 04:11:50 UTC] PHP Warning:  rand() expects exactly 2 parameters, 1 given in /home/ubuntu/workspace/bpeppmuller/labs/lab_2/inc/functions.php on line 35
[18-Feb-2018 04:11:50 UTC] PHP Stack trace:
[18-Feb-2018 04:11:50 UTC] PHP   1. {main}() /home/ubuntu/workspace/bpeppmuller/labs/lab_2/index.php:0
[18-Feb-2018 04:11:50 UTC] PHP   2. play() /home/ubuntu/workspace/bpeppmuller/labs/lab_2/index.php:16
[18-Feb-2018 04:11:50 UTC] PHP   3. rand() /home/ubuntu/workspace/bpeppmuller/labs/lab_2/inc/functions.php:35
[18-Feb-2018 04:12:00 UTC] PHP Warning:  rand() expects exactly 2 parameters, 1 given in /home/ubuntu/workspace/bpeppmuller/labs/lab_2/inc/functions.php on line 35
[18-Feb-2018 04:12:00 UTC] PHP Stack trace:
[18-Feb-2018 04:12:00 UTC] PHP   1. {main}() /home/ubuntu/workspace/bpeppmuller/labs/lab_2/index.php:0
[18-Feb-2018 04:12:00 UTC] PHP   2. play() /home/ubuntu/workspace/bpeppmuller/labs/lab_2/index.php:16
[18-Feb-2018 04:12:00 UTC] PHP   3. rand() /home/ubuntu/workspace/bpeppmuller/labs/lab_2/inc/functions.php:35
[18-Feb-2018 04:12:00 UTC] PHP Warning:  rand() expects exactly 2 parameters, 1 given in /home/ubuntu/workspace/bpeppmuller/labs/lab_2/inc/functions.php on line 35
[18-Feb-2018 04:12:00 UTC] PHP Stack trace:
[18-Feb-2018 04:12:00 UTC] PHP   1. {main}() /home/ubuntu/workspace/bpeppmuller/labs/lab_2/index.php:0
[18-Feb-2018 04:12:00 UTC] PHP   2. play() /home/ubuntu/workspace/bpeppmuller/labs/lab_2/index.php:16
[18-Feb-2018 04:12:00 UTC] PHP   3. rand() /home/ubuntu/workspace/bpeppmuller/labs/lab_2/inc/functions.php:35
[18-Feb-2018 04:12:00 UTC] PHP Warning:  rand() expects exactly 2 parameters, 1 given in /home/ubuntu/workspace/bpeppmuller/labs/lab_2/inc/functions.php on line 35
[18-Feb-2018 04:12:00 UTC] PHP Stack trace:
[18-Feb-2018 04:12:00 UTC] PHP   1. {main}() /home/ubuntu/workspace/bpeppmuller/labs/lab_2/index.php:0
[18-Feb-2018 04:12:00 UTC] PHP   2. play() /home/ubuntu/workspace/bpeppmuller/labs/lab_2/index.php:16
[18-Feb-2018 04:12:00 UTC] PHP   3. rand() /home/ubuntu/workspace/bpeppmuller/labs/lab_2/inc/functions.php:35
[18-Feb-2018 04:12:01 UTC] PHP Warning:  rand() expects exactly 2 parameters, 1 given in /home/ubuntu/workspace/bpeppmuller/labs/lab_2/inc/functions.php on line 35
[18-Feb-2018 04:12:01 UTC] PHP Stack trace:
[18-Feb-2018 04:12:01 UTC] PHP   1. {main}() /home/ubuntu/workspace/bpeppmuller/labs/lab_2/index.php:0
[18-Feb-2018 04:12:01 UTC] PHP   2. play() /home/ubuntu/workspace/bpeppmuller/labs/lab_2/index.php:16
[18-Feb-2018 04:12:01 UTC] PHP   3. rand() /home/ubuntu/workspace/bpeppmuller/labs/lab_2/inc/functions.php:35
[18-Feb-2018 04:12:01 UTC] PHP Warning:  rand() expects exactly 2 parameters, 1 given in /home/ubuntu/workspace/bpeppmuller/labs/lab_2/inc/functions.php on line 35
[18-Feb-2018 04:12:01 UTC] PHP Stack trace:
[18-Feb-2018 04:12:01 UTC] PHP   1. {main}() /home/ubuntu/workspace/bpeppmuller/labs/lab_2/index.php:0
[18-Feb-2018 04:12:01 UTC] PHP   2. play() /home/ubuntu/workspace/bpeppmuller/labs/lab_2/index.php:16
[18-Feb-2018 04:12:01 UTC] PHP   3. rand() /home/ubuntu/workspace/bpeppmuller/labs/lab_2/inc/functions.php:35
[18-Feb-2018 04:12:01 UTC] PHP Warning:  rand() expects exactly 2 parameters, 1 given in /home/ubuntu/workspace/bpeppmuller/labs/lab_2/inc/functions.php on line 35
[18-Feb-2018 04:12:01 UTC] PHP Stack trace:
[18-Feb-2018 04:12:01 UTC] PHP   1. {main}() /home/ubuntu/workspace/bpeppmuller/labs/lab_2/index.php:0
[18-Feb-2018 04:12:01 UTC] PHP   2. play() /home/ubuntu/workspace/bpeppmuller/labs/lab_2/index.php:16
[18-Feb-2018 04:12:01 UTC] PHP   3. rand() /home/ubuntu/workspace/bpeppmuller/labs/lab_2/inc/functions.php:35
[18-Feb-2018 04:12:02 UTC] PHP Warning:  rand() expects exactly 2 parameters, 1 given in /home/ubuntu/workspace/bpeppmuller/labs/lab_2/inc/functions.php on line 35
[18-Feb-2018 04:12:02 UTC] PHP Stack trace:
[18-Feb-2018 04:12:02 UTC] PHP   1. {main}() /home/ubuntu/workspace/bpeppmuller/labs/lab_2/index.php:0
[18-Feb-2018 04:12:02 UTC] PHP   2. play() /home/ubuntu/workspace/bpeppmuller/labs/lab_2/index.php:16
[18-Feb-2018 04:12:02 UTC] PHP   3. rand() /home/ubuntu/workspace/bpeppmuller/labs/lab_2/inc/functions.php:35
[18-Feb-2018 04:12:02 UTC] PHP Warning:  rand() expects exactly 2 parameters, 1 given in /home/ubuntu/workspace/bpeppmuller/labs/lab_2/inc/functions.php on line 35
[18-Feb-2018 04:12:02 UTC] PHP Stack trace:
[18-Feb-2018 04:12:02 UTC] PHP   1. {main}() /home/ubuntu/workspace/bpeppmuller/labs/lab_2/index.php:0
[18-Feb-2018 04:12:02 UTC] PHP   2. play() /home/ubuntu/workspace/bpeppmuller/labs/lab_2/index.php:16
[18-Feb-2018 04:12:02 UTC] PHP   3. rand() /home/ubuntu/workspace/bpeppmuller/labs/lab_2/inc/functions.php:35
[18-Feb-2018 04:12:02 UTC] PHP Warning:  rand() expects exactly 2 parameters, 1 given in /home/ubuntu/workspace/bpeppmuller/labs/lab_2/inc/functions.php on line 35
[18-Feb-2018 04:12:02 UTC] PHP Stack trace:
[18-Feb-2018 04:12:02 UTC] PHP   1. {main}() /home/ubuntu/workspace/bpeppmuller/labs/lab_2/index.php:0
[18-Feb-2018 04:12:02 UTC] PHP   2. play() /home/ubuntu/workspace/bpeppmuller/labs/lab_2/index.php:16
[18-Feb-2018 04:12:02 UTC] PHP   3. rand() /home/ubuntu/workspace/bpeppmuller/labs/lab_2/inc/functions.php:35
[18-Feb-2018 04:12:13 UTC] PHP Warning:  rand() expects exactly 2 parameters, 1 given in /home/ubuntu/workspace/bpeppmuller/labs/lab_2/inc/functions.php on line 35
[18-Feb-2018 04:12:13 UTC] PHP Stack trace:
[18-Feb-2018 04:12:13 UTC] PHP   1. {main}() /home/ubuntu/workspace/bpeppmuller/labs/lab_2/index.php:0
[18-Feb-2018 04:12:13 UTC] PHP   2. play() /home/ubuntu/workspace/bpeppmuller/labs/lab_2/index.php:16
[18-Feb-2018 04:12:13 UTC] PHP   3. rand() /home/ubuntu/workspace/bpeppmuller/labs/lab_2/inc/functions.php:35
[18-Feb-2018 04:12:13 UTC] PHP Warning:  rand() expects exactly 2 parameters, 1 given in /home/ubuntu/workspace/bpeppmuller/labs/lab_2/inc/functions.php on line 35
[18-Feb-2018 04:12:13 UTC] PHP Stack trace:
[18-Feb-2018 04:12:13 UTC] PHP   1. {main}() /home/ubuntu/workspace/bpeppmuller/labs/lab_2/index.php:0
[18-Feb-2018 04:12:13 UTC] PHP   2. play() /home/ubuntu/workspace/bpeppmuller/labs/lab_2/index.php:16
[18-Feb-2018 04:12:13 UTC] PHP   3. rand() /home/ubuntu/workspace/bpeppmuller/labs/lab_2/inc/functions.php:35
[18-Feb-2018 04:12:13 UTC] PHP Warning:  rand() expects exactly 2 parameters, 1 given in /home/ubuntu/workspace/bpeppmuller/labs/lab_2/inc/functions.php on line 35
[18-Feb-2018 04:12:13 UTC] PHP Stack trace:
[18-Feb-2018 04:12:13 UTC] PHP   1. {main}() /home/ubuntu/workspace/bpeppmuller/labs/lab_2/index.php:0
[18-Feb-2018 04:12:13 UTC] PHP   2. play() /home/ubuntu/workspace/bpeppmuller/labs/lab_2/index.php:16
[18-Feb-2018 04:12:13 UTC] PHP   3. rand() /home/ubuntu/workspace/bpeppmuller/labs/lab_2/inc/functions.php:35
[18-Feb-2018 04:12:14 UTC] PHP Warning:  rand() expects exactly 2 parameters, 1 given in /home/ubuntu/workspace/bpeppmuller/labs/lab_2/inc/functions.php on line 35
[18-Feb-2018 04:12:14 UTC] PHP Stack trace:
[18-Feb-2018 04:12:14 UTC] PHP   1. {main}() /home/ubuntu/workspace/bpeppmuller/labs/lab_2/index.php:0
[18-Feb-2018 04:12:14 UTC] PHP   2. play() /home/ubuntu/workspace/bpeppmuller/labs/lab_2/index.php:16
[18-Feb-2018 04:12:14 UTC] PHP   3. rand() /home/ubuntu/workspace/bpeppmuller/labs/lab_2/inc/functions.php:35
[18-Feb-2018 04:12:14 UTC] PHP Warning:  rand() expects exactly 2 parameters, 1 given in /home/ubuntu/workspace/bpeppmuller/labs/lab_2/inc/functions.php on line 35
[18-Feb-2018 04:12:14 UTC] PHP Stack trace:
[18-Feb-2018 04:12:14 UTC] PHP   1. {main}() /home/ubuntu/workspace/bpeppmuller/labs/lab_2/index.php:0
[18-Feb-2018 04:12:14 UTC] PHP   2. play() /home/ubuntu/workspace/bpeppmuller/labs/lab_2/index.php:16
[18-Feb-2018 04:12:14 UTC] PHP   3. rand() /home/ubuntu/workspace/bpeppmuller/labs/lab_2/inc/functions.php:35
[18-Feb-2018 04:12:14 UTC] PHP Warning:  rand() expects exactly 2 parameters, 1 given in /home/ubuntu/workspace/bpeppmuller/labs/lab_2/inc/functions.php on line 35
[18-Feb-2018 04:12:14 UTC] PHP Stack trace:
[18-Feb-2018 04:12:14 UTC] PHP   1. {main}() /home/ubuntu/workspace/bpeppmuller/labs/lab_2/index.php:0
[18-Feb-2018 04:12:14 UTC] PHP   2. play() /home/ubuntu/workspace/bpeppmuller/labs/lab_2/index.php:16
[18-Feb-2018 04:12:14 UTC] PHP   3. rand() /home/ubuntu/workspace/bpeppmuller/labs/lab_2/inc/functions.php:35
[18-Feb-2018 04:12:14 UTC] PHP Warning:  rand() expects exactly 2 parameters, 1 given in /home/ubuntu/workspace/bpeppmuller/labs/lab_2/inc/functions.php on line 35
[18-Feb-2018 04:12:14 UTC] PHP Stack trace:
[18-Feb-2018 04:12:14 UTC] PHP   1. {main}() /home/ubuntu/workspace/bpeppmuller/labs/lab_2/index.php:0
[18-Feb-2018 04:12:14 UTC] PHP   2. play() /home/ubuntu/workspace/bpeppmuller/labs/lab_2/index.php:16
[18-Feb-2018 04:12:14 UTC] PHP   3. rand() /home/ubuntu/workspace/bpeppmuller/labs/lab_2/inc/functions.php:35
[18-Feb-2018 04:12:14 UTC] PHP Warning:  rand() expects exactly 2 parameters, 1 given in /home/ubuntu/workspace/bpeppmuller/labs/lab_2/inc/functions.php on line 35
[18-Feb-2018 04:12:14 UTC] PHP Stack trace:
[18-Feb-2018 04:12:14 UTC] PHP   1. {main}() /home/ubuntu/workspace/bpeppmuller/labs/lab_2/index.php:0
[18-Feb-2018 04:12:14 UTC] PHP   2. play() /home/ubuntu/workspace/bpeppmuller/labs/lab_2/index.php:16
[18-Feb-2018 04:12:14 UTC] PHP   3. rand() /home/ubuntu/workspace/bpeppmuller/labs/lab_2/inc/functions.php:35
[18-Feb-2018 04:12:14 UTC] PHP Warning:  rand() expects exactly 2 parameters, 1 given in /home/ubuntu/workspace/bpeppmuller/labs/lab_2/inc/functions.php on line 35
[18-Feb-2018 04:12:14 UTC] PHP Stack trace:
[18-Feb-2018 04:12:14 UTC] PHP   1. {main}() /home/ubuntu/workspace/bpeppmuller/labs/lab_2/index.php:0
[18-Feb-2018 04:12:14 UTC] PHP   2. play() /home/ubuntu/workspace/bpeppmuller/labs/lab_2/index.php:16
[18-Feb-2018 04:12:14 UTC] PHP   3. rand() /home/ubuntu/workspace/bpeppmuller/labs/lab_2/inc/functions.php:35
[18-Feb-2018 04:12:15 UTC] PHP Warning:  rand() expects exactly 2 parameters, 1 given in /home/ubuntu/workspace/bpeppmuller/labs/lab_2/inc/functions.php on line 35
[18-Feb-2018 04:12:15 UTC] PHP Stack trace:
[18-Feb-2018 04:12:15 UTC] PHP   1. {main}() /home/ubuntu/workspace/bpeppmuller/labs/lab_2/index.php:0
[18-Feb-2018 04:12:15 UTC] PHP   2. play() /home/ubuntu/workspace/bpeppmuller/labs/lab_2/index.php:16
[18-Feb-2018 04:12:15 UTC] PHP   3. rand() /home/ubuntu/workspace/bpeppmuller/labs/lab_2/inc/functions.php:35
[18-Feb-2018 04:12:15 UTC] PHP Warning:  rand() expects exactly 2 parameters, 1 given in /home/ubuntu/workspace/bpeppmuller/labs/lab_2/inc/functions.php on line 35
[18-Feb-2018 04:12:15 UTC] PHP Stack trace:
[18-Feb-2018 04:12:15 UTC] PHP   1. {main}() /home/ubuntu/workspace/bpeppmuller/labs/lab_2/index.php:0
[18-Feb-2018 04:12:15 UTC] PHP   2. play() /home/ubuntu/workspace/bpeppmuller/labs/lab_2/index.php:16
[18-Feb-2018 04:12:15 UTC] PHP   3. rand() /home/ubuntu/workspace/bpeppmuller/labs/lab_2/inc/functions.php:35
[18-Feb-2018 04:12:15 UTC] PHP Warning:  rand() expects exactly 2 parameters, 1 given in /home/ubuntu/workspace/bpeppmuller/labs/lab_2/inc/functions.php on line 35
[18-Feb-2018 04:12:15 UTC] PHP Stack trace:
[18-Feb-2018 04:12:15 UTC] PHP   1. {main}() /home/ubuntu/workspace/bpeppmuller/labs/lab_2/index.php:0
[18-Feb-2018 04:12:15 UTC] PHP   2. play() /home/ubuntu/workspace/bpeppmuller/labs/lab_2/index.php:16
[18-Feb-2018 04:12:15 UTC] PHP   3. rand() /home/ubuntu/workspace/bpeppmuller/labs/lab_2/inc/functions.php:35
[18-Feb-2018 04:12:16 UTC] PHP Warning:  rand() expects exactly 2 parameters, 1 given in /home/ubuntu/workspace/bpeppmuller/labs/lab_2/inc/functions.php on line 35
[18-Feb-2018 04:12:16 UTC] PHP Stack trace:
[18-Feb-2018 04:12:16 UTC] PHP   1. {main}() /home/ubuntu/workspace/bpeppmuller/labs/lab_2/index.php:0
[18-Feb-2018 04:12:16 UTC] PHP   2. play() /home/ubuntu/workspace/bpeppmuller/labs/lab_2/index.php:16
[18-Feb-2018 04:12:16 UTC] PHP   3. rand() /home/ubuntu/workspace/bpeppmuller/labs/lab_2/inc/functions.php:35
[18-Feb-2018 04:12:16 UTC] PHP Warning:  rand() expects exactly 2 parameters, 1 given in /home/ubuntu/workspace/bpeppmuller/labs/lab_2/inc/functions.php on line 35
[18-Feb-2018 04:12:16 UTC] PHP Stack trace:
[18-Feb-2018 04:12:16 UTC] PHP   1. {main}() /home/ubuntu/workspace/bpeppmuller/labs/lab_2/index.php:0
[18-Feb-2018 04:12:16 UTC] PHP   2. play() /home/ubuntu/workspace/bpeppmuller/labs/lab_2/index.php:16
[18-Feb-2018 04:12:16 UTC] PHP   3. rand() /home/ubuntu/workspace/bpeppmuller/labs/lab_2/inc/functions.php:35
[18-Feb-2018 04:12:16 UTC] PHP Warning:  rand() expects exactly 2 parameters, 1 given in /home/ubuntu/workspace/bpeppmuller/labs/lab_2/inc/functions.php on line 35
[18-Feb-2018 04:12:16 UTC] PHP Stack trace:
[18-Feb-2018 04:12:16 UTC] PHP   1. {main}() /home/ubuntu/workspace/bpeppmuller/labs/lab_2/index.php:0
[18-Feb-2018 04:12:16 UTC] PHP   2. play() /home/ubuntu/workspace/bpeppmuller/labs/lab_2/index.php:16
[18-Feb-2018 04:12:16 UTC] PHP   3. rand() /home/ubuntu/workspace/bpeppmuller/labs/lab_2/inc/functions.php:35
[18-Feb-2018 04:12:18 UTC] PHP Warning:  rand() expects exactly 2 parameters, 1 given in /home/ubuntu/workspace/bpeppmuller/labs/lab_2/inc/functions.php on line 35
[18-Feb-2018 04:12:18 UTC] PHP Stack trace:
[18-Feb-2018 04:12:18 UTC] PHP   1. {main}() /home/ubuntu/workspace/bpeppmuller/labs/lab_2/index.php:0
[18-Feb-2018 04:12:18 UTC] PHP   2. play() /home/ubuntu/workspace/bpeppmuller/labs/lab_2/index.php:16
[18-Feb-2018 04:12:18 UTC] PHP   3. rand() /home/ubuntu/workspace/bpeppmuller/labs/lab_2/inc/functions.php:35
[18-Feb-2018 04:12:18 UTC] PHP Warning:  rand() expects exactly 2 parameters, 1 given in /home/ubuntu/workspace/bpeppmuller/labs/lab_2/inc/functions.php on line 35
[18-Feb-2018 04:12:18 UTC] PHP Stack trace:
[18-Feb-2018 04:12:18 UTC] PHP   1. {main}() /home/ubuntu/workspace/bpeppmuller/labs/lab_2/index.php:0
[18-Feb-2018 04:12:18 UTC] PHP   2. play() /home/ubuntu/workspace/bpeppmuller/labs/lab_2/index.php:16
[18-Feb-2018 04:12:18 UTC] PHP   3. rand() /home/ubuntu/workspace/bpeppmuller/labs/lab_2/inc/functions.php:35
[18-Feb-2018 04:12:18 UTC] PHP Warning:  rand() expects exactly 2 parameters, 1 given in /home/ubuntu/workspace/bpeppmuller/labs/lab_2/inc/functions.php on line 35
[18-Feb-2018 04:12:18 UTC] PHP Stack trace:
[18-Feb-2018 04:12:18 UTC] PHP   1. {main}() /home/ubuntu/workspace/bpeppmuller/labs/lab_2/index.php:0
[18-Feb-2018 04:12:18 UTC] PHP   2. play() /home/ubuntu/workspace/bpeppmuller/labs/lab_2/index.php:16
[18-Feb-2018 04:12:18 UTC] PHP   3. rand() /home/ubuntu/workspace/bpeppmuller/labs/lab_2/inc/functions.php:35
[18-Feb-2018 04:14:17 UTC] PHP Warning:  rand() expects exactly 2 parameters, 1 given in /home/ubuntu/workspace/bpeppmuller/labs/lab_2/inc/functions.php on line 35
[18-Feb-2018 04:14:17 UTC] PHP Stack trace:
[18-Feb-2018 04:14:17 UTC] PHP   1. {main}() /home/ubuntu/workspace/bpeppmuller/labs/lab_2/index.php:0
[18-Feb-2018 04:14:17 UTC] PHP   2. play() /home/ubuntu/workspace/bpeppmuller/labs/lab_2/index.php:16
[18-Feb-2018 04:14:17 UTC] PHP   3. rand() /home/ubuntu/workspace/bpeppmuller/labs/lab_2/inc/functions.php:35
[18-Feb-2018 04:14:17 UTC] PHP Warning:  rand() expects exactly 2 parameters, 1 given in /home/ubuntu/workspace/bpeppmuller/labs/lab_2/inc/functions.php on line 35
[18-Feb-2018 04:14:17 UTC] PHP Stack trace:
[18-Feb-2018 04:14:17 UTC] PHP   1. {main}() /home/ubuntu/workspace/bpeppmuller/labs/lab_2/index.php:0
[18-Feb-2018 04:14:17 UTC] PHP   2. play() /home/ubuntu/workspace/bpeppmuller/labs/lab_2/index.php:16
[18-Feb-2018 04:14:17 UTC] PHP   3. rand() /home/ubuntu/workspace/bpeppmuller/labs/lab_2/inc/functions.php:35
[18-Feb-2018 04:14:17 UTC] PHP Warning:  rand() expects exactly 2 parameters, 1 given in /home/ubuntu/workspace/bpeppmuller/labs/lab_2/inc/functions.php on line 35
[18-Feb-2018 04:14:17 UTC] PHP Stack trace:
[18-Feb-2018 04:14:17 UTC] PHP   1. {main}() /home/ubuntu/workspace/bpeppmuller/labs/lab_2/index.php:0
[18-Feb-2018 04:14:17 UTC] PHP   2. play() /home/ubuntu/workspace/bpeppmuller/labs/lab_2/index.php:16
[18-Feb-2018 04:14:17 UTC] PHP   3. rand() /home/ubuntu/workspace/bpeppmuller/labs/lab_2/inc/functions.php:35
[18-Feb-2018 04:14:19 UTC] PHP Warning:  rand() expects exactly 2 parameters, 1 given in /home/ubuntu/workspace/bpeppmuller/labs/lab_2/inc/functions.php on line 35
[18-Feb-2018 04:14:19 UTC] PHP Stack trace:
[18-Feb-2018 04:14:19 UTC] PHP   1. {main}() /home/ubuntu/workspace/bpeppmuller/labs/lab_2/index.php:0
[18-Feb-2018 04:14:19 UTC] PHP   2. play() /home/ubuntu/workspace/bpeppmuller/labs/lab_2/index.php:16
[18-Feb-2018 04:14:19 UTC] PHP   3. rand() /home/ubuntu/workspace/bpeppmuller/labs/lab_2/inc/functions.php:35
[18-Feb-2018 04:14:19 UTC] PHP Warning:  rand() expects exactly 2 parameters, 1 given in /home/ubuntu/workspace/bpeppmuller/labs/lab_2/inc/functions.php on line 35
[18-Feb-2018 04:14:19 UTC] PHP Stack trace:
[18-Feb-2018 04:14:19 UTC] PHP   1. {main}() /home/ubuntu/workspace/bpeppmuller/labs/lab_2/index.php:0
[18-Feb-2018 04:14:19 UTC] PHP   2. play() /home/ubuntu/workspace/bpeppmuller/labs/lab_2/index.php:16
[18-Feb-2018 04:14:19 UTC] PHP   3. rand() /home/ubuntu/workspace/bpeppmuller/labs/lab_2/inc/functions.php:35
[18-Feb-2018 04:14:19 UTC] PHP Warning:  rand() expects exactly 2 parameters, 1 given in /home/ubuntu/workspace/bpeppmuller/labs/lab_2/inc/functions.php on line 35
[18-Feb-2018 04:14:19 UTC] PHP Stack trace:
[18-Feb-2018 04:14:19 UTC] PHP   1. {main}() /home/ubuntu/workspace/bpeppmuller/labs/lab_2/index.php:0
[18-Feb-2018 04:14:19 UTC] PHP   2. play() /home/ubuntu/workspace/bpeppmuller/labs/lab_2/index.php:16
[18-Feb-2018 04:14:19 UTC] PHP   3. rand() /home/ubuntu/workspace/bpeppmuller/labs/lab_2/inc/functions.php:35
[18-Feb-2018 04:14:20 UTC] PHP Warning:  rand() expects exactly 2 parameters, 1 given in /home/ubuntu/workspace/bpeppmuller/labs/lab_2/inc/functions.php on line 35
[18-Feb-2018 04:14:20 UTC] PHP Stack trace:
[18-Feb-2018 04:14:20 UTC] PHP   1. {main}() /home/ubuntu/workspace/bpeppmuller/labs/lab_2/index.php:0
[18-Feb-2018 04:14:20 UTC] PHP   2. play() /home/ubuntu/workspace/bpeppmuller/labs/lab_2/index.php:16
[18-Feb-2018 04:14:20 UTC] PHP   3. rand() /home/ubuntu/workspace/bpeppmuller/labs/lab_2/inc/functions.php:35
[18-Feb-2018 04:14:20 UTC] PHP Warning:  rand() expects exactly 2 parameters, 1 given in /home/ubuntu/workspace/bpeppmuller/labs/lab_2/inc/functions.php on line 35
[18-Feb-2018 04:14:20 UTC] PHP Stack trace:
[18-Feb-2018 04:14:20 UTC] PHP   1. {main}() /home/ubuntu/workspace/bpeppmuller/labs/lab_2/index.php:0
[18-Feb-2018 04:14:20 UTC] PHP   2. play() /home/ubuntu/workspace/bpeppmuller/labs/lab_2/index.php:16
[18-Feb-2018 04:14:20 UTC] PHP   3. rand() /home/ubuntu/workspace/bpeppmuller/labs/lab_2/inc/functions.php:35
[18-Feb-2018 04:14:20 UTC] PHP Warning:  rand() expects exactly 2 parameters, 1 given in /home/ubuntu/workspace/bpeppmuller/labs/lab_2/inc/functions.php on line 35
[18-Feb-2018 04:14:20 UTC] PHP Stack trace:
[18-Feb-2018 04:14:20 UTC] PHP   1. {main}() /home/ubuntu/workspace/bpeppmuller/labs/lab_2/index.php:0
[18-Feb-2018 04:14:20 UTC] PHP   2. play() /home/ubuntu/workspace/bpeppmuller/labs/lab_2/index.php:16
[18-Feb-2018 04:14:20 UTC] PHP   3. rand() /home/ubuntu/workspace/bpeppmuller/labs/lab_2/inc/functions.php:35
[18-Feb-2018 04:14:21 UTC] PHP Warning:  rand() expects exactly 2 parameters, 1 given in /home/ubuntu/workspace/bpeppmuller/labs/lab_2/inc/functions.php on line 35
[18-Feb-2018 04:14:21 UTC] PHP Stack trace:
[18-Feb-2018 04:14:21 UTC] PHP   1. {main}() /home/ubuntu/workspace/bpeppmuller/labs/lab_2/index.php:0
[18-Feb-2018 04:14:21 UTC] PHP   2. play() /home/ubuntu/workspace/bpeppmuller/labs/lab_2/index.php:16
[18-Feb-2018 04:14:21 UTC] PHP   3. rand() /home/ubuntu/workspace/bpeppmuller/labs/lab_2/inc/functions.php:35
[18-Feb-2018 04:14:21 UTC] PHP Warning:  rand() expects exactly 2 parameters, 1 given in /home/ubuntu/workspace/bpeppmuller/labs/lab_2/inc/functions.php on line 35
[18-Feb-2018 04:14:21 UTC] PHP Stack trace:
[18-Feb-2018 04:14:21 UTC] PHP   1. {main}() /home/ubuntu/workspace/bpeppmuller/labs/lab_2/index.php:0
[18-Feb-2018 04:14:21 UTC] PHP   2. play() /home/ubuntu/workspace/bpeppmuller/labs/lab_2/index.php:16
[18-Feb-2018 04:14:21 UTC] PHP   3. rand() /home/ubuntu/workspace/bpeppmuller/labs/lab_2/inc/functions.php:35
[18-Feb-2018 04:14:21 UTC] PHP Warning:  rand() expects exactly 2 parameters, 1 given in /home/ubuntu/workspace/bpeppmuller/labs/lab_2/inc/functions.php on line 35
[18-Feb-2018 04:14:21 UTC] PHP Stack trace:
[18-Feb-2018 04:14:21 UTC] PHP   1. {main}() /home/ubuntu/workspace/bpeppmuller/labs/lab_2/index.php:0
[18-Feb-2018 04:14:21 UTC] PHP   2. play() /home/ubuntu/workspace/bpeppmuller/labs/lab_2/index.php:16
[18-Feb-2018 04:14:21 UTC] PHP   3. rand() /home/ubuntu/workspace/bpeppmuller/labs/lab_2/inc/functions.php:35
[18-Feb-2018 04:14:22 UTC] PHP Warning:  rand() expects exactly 2 parameters, 1 given in /home/ubuntu/workspace/bpeppmuller/labs/lab_2/inc/functions.php on line 35
[18-Feb-2018 04:14:22 UTC] PHP Stack trace:
[18-Feb-2018 04:14:22 UTC] PHP   1. {main}() /home/ubuntu/workspace/bpeppmuller/labs/lab_2/index.php:0
[18-Feb-2018 04:14:22 UTC] PHP   2. play() /home/ubuntu/workspace/bpeppmuller/labs/lab_2/index.php:16
[18-Feb-2018 04:14:22 UTC] PHP   3. rand() /home/ubuntu/workspace/bpeppmuller/labs/lab_2/inc/functions.php:35
[18-Feb-2018 04:14:22 UTC] PHP Warning:  rand() expects exactly 2 parameters, 1 given in /home/ubuntu/workspace/bpeppmuller/labs/lab_2/inc/functions.php on line 35
[18-Feb-2018 04:14:22 UTC] PHP Stack trace:
[18-Feb-2018 04:14:22 UTC] PHP   1. {main}() /home/ubuntu/workspace/bpeppmuller/labs/lab_2/index.php:0
[18-Feb-2018 04:14:22 UTC] PHP   2. play() /home/ubuntu/workspace/bpeppmuller/labs/lab_2/index.php:16
[18-Feb-2018 04:14:22 UTC] PHP   3. rand() /home/ubuntu/workspace/bpeppmuller/labs/lab_2/inc/functions.php:35
[18-Feb-2018 04:14:22 UTC] PHP Warning:  rand() expects exactly 2 parameters, 1 given in /home/ubuntu/workspace/bpeppmuller/labs/lab_2/inc/functions.php on line 35
[18-Feb-2018 04:14:22 UTC] PHP Stack trace:
[18-Feb-2018 04:14:22 UTC] PHP   1. {main}() /home/ubuntu/workspace/bpeppmuller/labs/lab_2/index.php:0
[18-Feb-2018 04:14:22 UTC] PHP   2. play() /home/ubuntu/workspace/bpeppmuller/labs/lab_2/index.php:16
[18-Feb-2018 04:14:22 UTC] PHP   3. rand() /home/ubuntu/workspace/bpeppmuller/labs/lab_2/inc/functions.php:35
[18-Feb-2018 04:15:18 UTC] PHP Warning:  rand() expects exactly 2 parameters, 1 given in /home/ubuntu/workspace/bpeppmuller/labs/lab_2/inc/functions.php on line 34
[18-Feb-2018 04:15:18 UTC] PHP Stack trace:
[18-Feb-2018 04:15:18 UTC] PHP   1. {main}() /home/ubuntu/workspace/bpeppmuller/labs/lab_2/index.php:0
[18-Feb-2018 04:15:18 UTC] PHP   2. play() /home/ubuntu/workspace/bpeppmuller/labs/lab_2/index.php:16
[18-Feb-2018 04:15:18 UTC] PHP   3. rand() /home/ubuntu/workspace/bpeppmuller/labs/lab_2/inc/functions.php:34
[18-Feb-2018 04:15:18 UTC] PHP Warning:  rand() expects exactly 2 parameters, 1 given in /home/ubuntu/workspace/bpeppmuller/labs/lab_2/inc/functions.php on line 34
[18-Feb-2018 04:15:18 UTC] PHP Stack trace:
[18-Feb-2018 04:15:18 UTC] PHP   1. {main}() /home/ubuntu/workspace/bpeppmuller/labs/lab_2/index.php:0
[18-Feb-2018 04:15:18 UTC] PHP   2. play() /home/ubuntu/workspace/bpeppmuller/labs/lab_2/index.php:16
[18-Feb-2018 04:15:18 UTC] PHP   3. rand() /home/ubuntu/workspace/bpeppmuller/labs/lab_2/inc/functions.php:34
[18-Feb-2018 04:15:18 UTC] PHP Warning:  rand() expects exactly 2 parameters, 1 given in /home/ubuntu/workspace/bpeppmuller/labs/lab_2/inc/functions.php on line 34
[18-Feb-2018 04:15:18 UTC] PHP Stack trace:
[18-Feb-2018 04:15:18 UTC] PHP   1. {main}() /home/ubuntu/workspace/bpeppmuller/labs/lab_2/index.php:0
[18-Feb-2018 04:15:18 UTC] PHP   2. play() /home/ubuntu/workspace/bpeppmuller/labs/lab_2/index.php:16
[18-Feb-2018 04:15:18 UTC] PHP   3. rand() /home/ubuntu/workspace/bpeppmuller/labs/lab_2/inc/functions.php:34
[18-Feb-2018 04:15:19 UTC] PHP Warning:  rand() expects exactly 2 parameters, 1 given in /home/ubuntu/workspace/bpeppmuller/labs/lab_2/inc/functions.php on line 34
[18-Feb-2018 04:15:19 UTC] PHP Stack trace:
[18-Feb-2018 04:15:19 UTC] PHP   1. {main}() /home/ubuntu/workspace/bpeppmuller/labs/lab_2/index.php:0
[18-Feb-2018 04:15:19 UTC] PHP   2. play() /home/ubuntu/workspace/bpeppmuller/labs/lab_2/index.php:16
[18-Feb-2018 04:15:19 UTC] PHP   3. rand() /home/ubuntu/workspace/bpeppmuller/labs/lab_2/inc/functions.php:34
[18-Feb-2018 04:15:19 UTC] PHP Warning:  rand() expects exactly 2 parameters, 1 given in /home/ubuntu/workspace/bpeppmuller/labs/lab_2/inc/functions.php on line 34
[18-Feb-2018 04:15:19 UTC] PHP Stack trace:
[18-Feb-2018 04:15:19 UTC] PHP   1. {main}() /home/ubuntu/workspace/bpeppmuller/labs/lab_2/index.php:0
[18-Feb-2018 04:15:19 UTC] PHP   2. play() /home/ubuntu/workspace/bpeppmuller/labs/lab_2/index.php:16
[18-Feb-2018 04:15:19 UTC] PHP   3. rand() /home/ubuntu/workspace/bpeppmuller/labs/lab_2/inc/functions.php:34
[18-Feb-2018 04:15:19 UTC] PHP Warning:  rand() expects exactly 2 parameters, 1 given in /home/ubuntu/workspace/bpeppmuller/labs/lab_2/inc/functions.php on line 34
[18-Feb-2018 04:15:19 UTC] PHP Stack trace:
[18-Feb-2018 04:15:19 UTC] PHP   1. {main}() /home/ubuntu/workspace/bpeppmuller/labs/lab_2/index.php:0
[18-Feb-2018 04:15:19 UTC] PHP   2. play() /home/ubuntu/workspace/bpeppmuller/labs/lab_2/index.php:16
[18-Feb-2018 04:15:19 UTC] PHP   3. rand() /home/ubuntu/workspace/bpeppmuller/labs/lab_2/inc/functions.php:34
