[05-Feb-2018 23:18:35 UTC] PHP Parse error:  syntax error, unexpected 'src' (T_STRING) in /home/ubuntu/workspace/bpeppmuller/labs/lab_2/777/index.php on line 16
[05-Feb-2018 23:18:37 UTC] PHP Parse error:  syntax error, unexpected 'src' (T_STRING) in /home/ubuntu/workspace/bpeppmuller/labs/lab_2/777/index.php on line 16
[05-Feb-2018 23:21:41 UTC] PHP Parse error:  syntax error, unexpected '}' in /home/ubuntu/workspace/bpeppmuller/labs/lab_2/777/index.php on line 16
[05-Feb-2018 23:21:42 UTC] PHP Parse error:  syntax error, unexpected '}' in /home/ubuntu/workspace/bpeppmuller/labs/lab_2/777/index.php on line 16
[05-Feb-2018 23:21:43 UTC] PHP Parse error:  syntax error, unexpected '}' in /home/ubuntu/workspace/bpeppmuller/labs/lab_2/777/index.php on line 16
[05-Feb-2018 23:21:44 UTC] PHP Parse error:  syntax error, unexpected '}' in /home/ubuntu/workspace/bpeppmuller/labs/lab_2/777/index.php on line 16
[05-Feb-2018 23:21:45 UTC] PHP Parse error:  syntax error, unexpected '}' in /home/ubuntu/workspace/bpeppmuller/labs/lab_2/777/index.php on line 16
[05-Feb-2018 23:37:35 UTC] PHP Parse error:  syntax error, unexpected 'echo' (T_ECHO) in /home/ubuntu/workspace/bpeppmuller/labs/lab_2/777/index.php on line 30
[05-Feb-2018 23:37:36 UTC] PHP Parse error:  syntax error, unexpected 'echo' (T_ECHO) in /home/ubuntu/workspace/bpeppmuller/labs/lab_2/777/index.php on line 30
[18-Feb-2018 01:53:57 UTC] PHP Parse error:  syntax error, unexpected '}', expecting ',' or ';' in /home/ubuntu/workspace/bpeppmuller/labs/lab_2/777/index.php on line 35
[18-Feb-2018 01:54:00 UTC] PHP Parse error:  syntax error, unexpected '}', expecting ',' or ';' in /home/ubuntu/workspace/bpeppmuller/labs/lab_2/777/index.php on line 35
[18-Feb-2018 02:20:35 UTC] PHP Fatal error:  Call to undefined function displaySymbol() in /home/ubuntu/workspace/bpeppmuller/labs/lab_2/777/index.php on line 16
[18-Feb-2018 02:20:35 UTC] PHP Stack trace:
[18-Feb-2018 02:20:35 UTC] PHP   1. {main}() /home/ubuntu/workspace/bpeppmuller/labs/lab_2/777/index.php:0
[18-Feb-2018 02:20:37 UTC] PHP Fatal error:  Call to undefined function displaySymbol() in /home/ubuntu/workspace/bpeppmuller/labs/lab_2/777/index.php on line 16
[18-Feb-2018 02:20:37 UTC] PHP Stack trace:
[18-Feb-2018 02:20:37 UTC] PHP   1. {main}() /home/ubuntu/workspace/bpeppmuller/labs/lab_2/777/index.php:0
[18-Feb-2018 02:21:15 UTC] PHP Fatal error:  Call to undefined function displaySymbol() in /home/ubuntu/workspace/bpeppmuller/labs/lab_2/777/index.php on line 16
[18-Feb-2018 02:21:15 UTC] PHP Stack trace:
[18-Feb-2018 02:21:15 UTC] PHP   1. {main}() /home/ubuntu/workspace/bpeppmuller/labs/lab_2/777/index.php:0
[18-Feb-2018 02:21:18 UTC] PHP Fatal error:  Call to undefined function displaySymbol() in /home/ubuntu/workspace/bpeppmuller/labs/lab_2/777/index.php on line 16
[18-Feb-2018 02:21:18 UTC] PHP Stack trace:
[18-Feb-2018 02:21:18 UTC] PHP   1. {main}() /home/ubuntu/workspace/bpeppmuller/labs/lab_2/777/index.php:0
[18-Feb-2018 02:21:37 UTC] PHP Fatal error:  Call to undefined function displaySymbol() in /home/ubuntu/workspace/bpeppmuller/labs/lab_2/777/index.php on line 16
[18-Feb-2018 02:21:37 UTC] PHP Stack trace:
[18-Feb-2018 02:21:37 UTC] PHP   1. {main}() /home/ubuntu/workspace/bpeppmuller/labs/lab_2/777/index.php:0
[18-Feb-2018 02:21:39 UTC] PHP Fatal error:  Call to undefined function displaySymbol() in /home/ubuntu/workspace/bpeppmuller/labs/lab_2/777/index.php on line 16
[18-Feb-2018 02:21:39 UTC] PHP Stack trace:
[18-Feb-2018 02:21:39 UTC] PHP   1. {main}() /home/ubuntu/workspace/bpeppmuller/labs/lab_2/777/index.php:0
[18-Feb-2018 02:24:03 UTC] PHP Fatal error:  Call to undefined function displaySymbol() in /home/ubuntu/workspace/bpeppmuller/labs/lab_2/inc/index.php on line 16
[18-Feb-2018 02:24:03 UTC] PHP Stack trace:
[18-Feb-2018 02:24:03 UTC] PHP   1. {main}() /home/ubuntu/workspace/bpeppmuller/labs/lab_2/inc/index.php:0
[18-Feb-2018 02:24:31 UTC] PHP Fatal error:  Call to undefined function displaySymbol() in /home/ubuntu/workspace/bpeppmuller/labs/lab_2/inc/index.php on line 16
[18-Feb-2018 02:24:31 UTC] PHP Stack trace:
[18-Feb-2018 02:24:31 UTC] PHP   1. {main}() /home/ubuntu/workspace/bpeppmuller/labs/lab_2/inc/index.php:0
[18-Feb-2018 02:24:33 UTC] PHP Fatal error:  Call to undefined function displaySymbol() in /home/ubuntu/workspace/bpeppmuller/labs/lab_2/inc/index.php on line 16
[18-Feb-2018 02:24:33 UTC] PHP Stack trace:
[18-Feb-2018 02:24:33 UTC] PHP   1. {main}() /home/ubuntu/workspace/bpeppmuller/labs/lab_2/inc/index.php:0
[18-Feb-2018 02:24:48 UTC] PHP Warning:  include(inc/functions.php): failed to open stream: No such file or directory in /home/ubuntu/workspace/bpeppmuller/labs/lab_2/inc/index.php on line 2
[18-Feb-2018 02:24:48 UTC] PHP Stack trace:
[18-Feb-2018 02:24:48 UTC] PHP   1. {main}() /home/ubuntu/workspace/bpeppmuller/labs/lab_2/inc/index.php:0
[18-Feb-2018 02:24:48 UTC] PHP Warning:  include(): Failed opening 'inc/functions.php' for inclusion (include_path='.:/usr/share/php:/usr/share/pear') in /home/ubuntu/workspace/bpeppmuller/labs/lab_2/inc/index.php on line 2
[18-Feb-2018 02:24:48 UTC] PHP Stack trace:
[18-Feb-2018 02:24:48 UTC] PHP   1. {main}() /home/ubuntu/workspace/bpeppmuller/labs/lab_2/inc/index.php:0
[18-Feb-2018 02:24:48 UTC] PHP Fatal error:  Call to undefined function displaySymbol() in /home/ubuntu/workspace/bpeppmuller/labs/lab_2/inc/index.php on line 16
[18-Feb-2018 02:24:48 UTC] PHP Stack trace:
[18-Feb-2018 02:24:48 UTC] PHP   1. {main}() /home/ubuntu/workspace/bpeppmuller/labs/lab_2/inc/index.php:0
