[07-May-2018 22:58:45 UTC] PHP Warning:  include(../dbConnection.php): failed to open stream: No such file or directory in /home/ubuntu/workspace/bpeppmuller/final_project/admin/loginProcess.php on line 7
[07-May-2018 22:58:45 UTC] PHP Stack trace:
[07-May-2018 22:58:45 UTC] PHP   1. {main}() /home/ubuntu/workspace/bpeppmuller/final_project/admin/loginProcess.php:0
[07-May-2018 22:58:45 UTC] PHP Warning:  include(): Failed opening '../dbConnection.php' for inclusion (include_path='.:/usr/share/php:/usr/share/pear') in /home/ubuntu/workspace/bpeppmuller/final_project/admin/loginProcess.php on line 7
[07-May-2018 22:58:45 UTC] PHP Stack trace:
[07-May-2018 22:58:45 UTC] PHP   1. {main}() /home/ubuntu/workspace/bpeppmuller/final_project/admin/loginProcess.php:0
[07-May-2018 22:58:45 UTC] PHP Fatal error:  Call to undefined function getConnection() in /home/ubuntu/workspace/bpeppmuller/final_project/admin/loginProcess.php on line 9
[07-May-2018 22:58:45 UTC] PHP Stack trace:
[07-May-2018 22:58:45 UTC] PHP   1. {main}() /home/ubuntu/workspace/bpeppmuller/final_project/admin/loginProcess.php:0
[07-May-2018 22:59:19 UTC] PHP Fatal error:  Uncaught exception 'PDOException' with message 'SQLSTATE[HY000] [1049] Unknown database 'GuitarsGalore'' in /home/ubuntu/workspace/bpeppmuller/dbConnection.php:20
Stack trace:
#0 /home/ubuntu/workspace/bpeppmuller/dbConnection.php(20): PDO->__construct('mysql:host=loca...', 'root', '')
#1 /home/ubuntu/workspace/bpeppmuller/final_project/admin/loginProcess.php(9): getConnection('GuitarsGalore')
#2 {main}
  thrown in /home/ubuntu/workspace/bpeppmuller/dbConnection.php on line 20
[07-May-2018 22:59:42 UTC] PHP Fatal error:  Uncaught exception 'PDOException' with message 'SQLSTATE[42S02]: Base table or view not found: 1146 Table 'GuitarsGalor.om_admin' doesn't exist' in /home/ubuntu/workspace/bpeppmuller/final_project/admin/loginProcess.php:27
Stack trace:
#0 /home/ubuntu/workspace/bpeppmuller/final_project/admin/loginProcess.php(27): PDOStatement->execute(Array)
#1 {main}
  thrown in /home/ubuntu/workspace/bpeppmuller/final_project/admin/loginProcess.php on line 27
[07-May-2018 23:01:51 UTC] PHP Fatal error:  Uncaught exception 'PDOException' with message 'SQLSTATE[42S02]: Base table or view not found: 1146 Table 'GuitarsGalor.om_admin' doesn't exist' in /home/ubuntu/workspace/bpeppmuller/final_project/admin/loginProcess.php:27
Stack trace:
#0 /home/ubuntu/workspace/bpeppmuller/final_project/admin/loginProcess.php(27): PDOStatement->execute(Array)
#1 {main}
  thrown in /home/ubuntu/workspace/bpeppmuller/final_project/admin/loginProcess.php on line 27
[07-May-2018 23:02:38 UTC] PHP Fatal error:  Uncaught exception 'PDOException' with message 'SQLSTATE[42S02]: Base table or view not found: 1146 Table 'GuitarsGalor.om_admin' doesn't exist' in /home/ubuntu/workspace/bpeppmuller/final_project/admin/loginProcess.php:27
Stack trace:
#0 /home/ubuntu/workspace/bpeppmuller/final_project/admin/loginProcess.php(27): PDOStatement->execute(Array)
#1 {main}
  thrown in /home/ubuntu/workspace/bpeppmuller/final_project/admin/loginProcess.php on line 27
[07-May-2018 23:02:47 UTC] PHP Fatal error:  Uncaught exception 'PDOException' with message 'SQLSTATE[42S02]: Base table or view not found: 1146 Table 'GuitarsGalor.om_admin' doesn't exist' in /home/ubuntu/workspace/bpeppmuller/final_project/admin/loginProcess.php:27
Stack trace:
#0 /home/ubuntu/workspace/bpeppmuller/final_project/admin/loginProcess.php(27): PDOStatement->execute(Array)
#1 {main}
  thrown in /home/ubuntu/workspace/bpeppmuller/final_project/admin/loginProcess.php on line 27
[07-May-2018 23:08:50 UTC] PHP Fatal error:  Uncaught exception 'PDOException' with message 'SQLSTATE[42S22]: Column not found: 1054 Unknown column 'username' in 'where clause'' in /home/ubuntu/workspace/bpeppmuller/final_project/admin/loginProcess.php:27
Stack trace:
#0 /home/ubuntu/workspace/bpeppmuller/final_project/admin/loginProcess.php(27): PDOStatement->execute(Array)
#1 {main}
  thrown in /home/ubuntu/workspace/bpeppmuller/final_project/admin/loginProcess.php on line 27
[07-May-2018 23:21:17 UTC] PHP Fatal error:  Uncaught exception 'PDOException' with message 'SQLSTATE[42S02]: Base table or view not found: 1146 Table 'GuitarsGalor.gg_product' doesn't exist' in /home/ubuntu/workspace/bpeppmuller/final_project/admin/admin.php:18
Stack trace:
#0 /home/ubuntu/workspace/bpeppmuller/final_project/admin/admin.php(18): PDOStatement->execute()
#1 /home/ubuntu/workspace/bpeppmuller/final_project/admin/admin.php(82): displayAllProducts()
#2 {main}
  thrown in /home/ubuntu/workspace/bpeppmuller/final_project/admin/admin.php on line 18
[08-May-2018 00:16:13 UTC] PHP Fatal error:  Uncaught exception 'PDOException' with message 'SQLSTATE[42S02]: Base table or view not found: 1146 Table 'GuitarsGalor.gg_product' doesn't exist' in /home/ubuntu/workspace/bpeppmuller/final_project/admin/updateProduct.php:13
Stack trace:
#0 /home/ubuntu/workspace/bpeppmuller/final_project/admin/updateProduct.php(13): PDOStatement->execute()
#1 /home/ubuntu/workspace/bpeppmuller/final_project/admin/updateProduct.php(45): getProductInfo()
#2 {main}
  thrown in /home/ubuntu/workspace/bpeppmuller/final_project/admin/updateProduct.php on line 13
[08-May-2018 00:16:16 UTC] PHP Fatal error:  Uncaught exception 'PDOException' with message 'SQLSTATE[42S02]: Base table or view not found: 1146 Table 'GuitarsGalor.gg_product' doesn't exist' in /home/ubuntu/workspace/bpeppmuller/final_project/admin/updateProduct.php:13
Stack trace:
#0 /home/ubuntu/workspace/bpeppmuller/final_project/admin/updateProduct.php(13): PDOStatement->execute()
#1 /home/ubuntu/workspace/bpeppmuller/final_project/admin/updateProduct.php(45): getProductInfo()
#2 {main}
  thrown in /home/ubuntu/workspace/bpeppmuller/final_project/admin/updateProduct.php on line 13
[08-May-2018 00:16:36 UTC] PHP Fatal error:  Uncaught exception 'PDOException' with message 'SQLSTATE[42S02]: Base table or view not found: 1146 Table 'GuitarsGalor.om_category' doesn't exist' in /home/ubuntu/workspace/bpeppmuller/final_project/admin/updateProduct.php:57
Stack trace:
#0 /home/ubuntu/workspace/bpeppmuller/final_project/admin/updateProduct.php(57): PDOStatement->execute()
#1 /home/ubuntu/workspace/bpeppmuller/final_project/admin/updateProduct.php(104): getCategory()
#2 {main}
  thrown in /home/ubuntu/workspace/bpeppmuller/final_project/admin/updateProduct.php on line 57
[08-May-2018 00:17:58 UTC] PHP Fatal error:  Uncaught exception 'PDOException' with message 'SQLSTATE[42S02]: Base table or view not found: 1146 Table 'GuitarsGalor.gg_product' doesn't exist' in /home/ubuntu/workspace/bpeppmuller/final_project/admin/updateProduct.php:40
Stack trace:
#0 /home/ubuntu/workspace/bpeppmuller/final_project/admin/updateProduct.php(40): PDOStatement->execute(Array)
#1 {main}
  thrown in /home/ubuntu/workspace/bpeppmuller/final_project/admin/updateProduct.php on line 40
[08-May-2018 00:18:13 UTC] PHP Fatal error:  Uncaught exception 'PDOException' with message 'SQLSTATE[42S22]: Column not found: 1054 Unknown column 'price' in 'field list'' in /home/ubuntu/workspace/bpeppmuller/final_project/admin/updateProduct.php:40
Stack trace:
#0 /home/ubuntu/workspace/bpeppmuller/final_project/admin/updateProduct.php(40): PDOStatement->execute(Array)
#1 {main}
  thrown in /home/ubuntu/workspace/bpeppmuller/final_project/admin/updateProduct.php on line 40
[08-May-2018 00:18:15 UTC] PHP Fatal error:  Uncaught exception 'PDOException' with message 'SQLSTATE[42S22]: Column not found: 1054 Unknown column 'price' in 'field list'' in /home/ubuntu/workspace/bpeppmuller/final_project/admin/updateProduct.php:40
Stack trace:
#0 /home/ubuntu/workspace/bpeppmuller/final_project/admin/updateProduct.php(40): PDOStatement->execute(Array)
#1 {main}
  thrown in /home/ubuntu/workspace/bpeppmuller/final_project/admin/updateProduct.php on line 40
[08-May-2018 01:27:27 UTC] PHP Fatal error:  Uncaught exception 'PDOException' with message 'SQLSTATE[42S02]: Base table or view not found: 1146 Table 'GuitarsGalor.om_product' doesn't exist' in /home/ubuntu/workspace/bpeppmuller/final_project/admin/addProduct.php:48
Stack trace:
#0 /home/ubuntu/workspace/bpeppmuller/final_project/admin/addProduct.php(48): PDOStatement->execute(Array)
#1 {main}
  thrown in /home/ubuntu/workspace/bpeppmuller/final_project/admin/addProduct.php on line 48
[08-May-2018 01:28:15 UTC] PHP Fatal error:  Uncaught exception 'PDOException' with message 'SQLSTATE[42S22]: Column not found: 1054 Unknown column 'price' in 'field list'' in /home/ubuntu/workspace/bpeppmuller/final_project/admin/addProduct.php:48
Stack trace:
#0 /home/ubuntu/workspace/bpeppmuller/final_project/admin/addProduct.php(48): PDOStatement->execute(Array)
#1 {main}
  thrown in /home/ubuntu/workspace/bpeppmuller/final_project/admin/addProduct.php on line 48
[08-May-2018 01:28:16 UTC] PHP Fatal error:  Uncaught exception 'PDOException' with message 'SQLSTATE[42S22]: Column not found: 1054 Unknown column 'price' in 'field list'' in /home/ubuntu/workspace/bpeppmuller/final_project/admin/addProduct.php:48
Stack trace:
#0 /home/ubuntu/workspace/bpeppmuller/final_project/admin/addProduct.php(48): PDOStatement->execute(Array)
#1 {main}
  thrown in /home/ubuntu/workspace/bpeppmuller/final_project/admin/addProduct.php on line 48
[08-May-2018 01:28:17 UTC] PHP Fatal error:  Uncaught exception 'PDOException' with message 'SQLSTATE[42S22]: Column not found: 1054 Unknown column 'price' in 'field list'' in /home/ubuntu/workspace/bpeppmuller/final_project/admin/addProduct.php:48
Stack trace:
#0 /home/ubuntu/workspace/bpeppmuller/final_project/admin/addProduct.php(48): PDOStatement->execute(Array)
#1 {main}
  thrown in /home/ubuntu/workspace/bpeppmuller/final_project/admin/addProduct.php on line 48
[08-May-2018 01:28:19 UTC] PHP Fatal error:  Uncaught exception 'PDOException' with message 'SQLSTATE[42S22]: Column not found: 1054 Unknown column 'price' in 'field list'' in /home/ubuntu/workspace/bpeppmuller/final_project/admin/addProduct.php:48
Stack trace:
#0 /home/ubuntu/workspace/bpeppmuller/final_project/admin/addProduct.php(48): PDOStatement->execute(Array)
#1 {main}
  thrown in /home/ubuntu/workspace/bpeppmuller/final_project/admin/addProduct.php on line 48
[08-May-2018 01:31:10 UTC] PHP Fatal error:  Uncaught exception 'PDOException' with message 'SQLSTATE[HY093]: Invalid parameter number: parameter was not defined' in /home/ubuntu/workspace/bpeppmuller/final_project/admin/addProduct.php:48
Stack trace:
#0 /home/ubuntu/workspace/bpeppmuller/final_project/admin/addProduct.php(48): PDOStatement->execute(Array)
#1 {main}
  thrown in /home/ubuntu/workspace/bpeppmuller/final_project/admin/addProduct.php on line 48
[08-May-2018 01:31:13 UTC] PHP Fatal error:  Uncaught exception 'PDOException' with message 'SQLSTATE[HY093]: Invalid parameter number: parameter was not defined' in /home/ubuntu/workspace/bpeppmuller/final_project/admin/addProduct.php:48
Stack trace:
#0 /home/ubuntu/workspace/bpeppmuller/final_project/admin/addProduct.php(48): PDOStatement->execute(Array)
#1 {main}
  thrown in /home/ubuntu/workspace/bpeppmuller/final_project/admin/addProduct.php on line 48
[08-May-2018 01:31:53 UTC] PHP Fatal error:  Uncaught exception 'PDOException' with message 'SQLSTATE[HY093]: Invalid parameter number: parameter was not defined' in /home/ubuntu/workspace/bpeppmuller/final_project/admin/addProduct.php:48
Stack trace:
#0 /home/ubuntu/workspace/bpeppmuller/final_project/admin/addProduct.php(48): PDOStatement->execute(Array)
#1 {main}
  thrown in /home/ubuntu/workspace/bpeppmuller/final_project/admin/addProduct.php on line 48
[08-May-2018 03:10:14 UTC] PHP Parse error:  syntax error, unexpected '$stmt' (T_VARIABLE) in /home/ubuntu/workspace/bpeppmuller/final_project/admin/admin.php on line 29
[08-May-2018 03:10:16 UTC] PHP Parse error:  syntax error, unexpected '$stmt' (T_VARIABLE) in /home/ubuntu/workspace/bpeppmuller/final_project/admin/admin.php on line 29
[08-May-2018 03:10:36 UTC] PHP Parse error:  syntax error, unexpected '$stmt' (T_VARIABLE) in /home/ubuntu/workspace/bpeppmuller/final_project/admin/admin.php on line 29
[08-May-2018 03:10:37 UTC] PHP Parse error:  syntax error, unexpected '$stmt' (T_VARIABLE) in /home/ubuntu/workspace/bpeppmuller/final_project/admin/admin.php on line 29
[08-May-2018 03:10:38 UTC] PHP Parse error:  syntax error, unexpected '$stmt' (T_VARIABLE) in /home/ubuntu/workspace/bpeppmuller/final_project/admin/admin.php on line 29
[08-May-2018 03:10:59 UTC] PHP Parse error:  syntax error, unexpected '$stmt' (T_VARIABLE) in /home/ubuntu/workspace/bpeppmuller/final_project/admin/admin.php on line 29
[08-May-2018 03:11:52 UTC] PHP Parse error:  syntax error, unexpected '$stmt' (T_VARIABLE) in /home/ubuntu/workspace/bpeppmuller/final_project/admin/functions.php on line 9
[08-May-2018 03:11:52 UTC] PHP Stack trace:
[08-May-2018 03:11:52 UTC] PHP   1. {main}() /home/ubuntu/workspace/bpeppmuller/final_project/admin/admin.php:0
